<?xml version="1.0" encoding="UTF-8"?>
<testsuite xmlns:xsi="http://www.w3.org/2001/XMLSchema-instance" xsi:noNamespaceSchemaLocation="https://maven.apache.org/surefire/maven-surefire-plugin/xsd/surefire-test-report.xsd" name="librarysystem.CucumberTest" time="0.017" tests="1" errors="1" skipped="0" failures="0">
  <properties>
[...]
</properties>
  <testcase name="initializationError" classname="librarysystem.CucumberTest" time="0.001">
    <error message="path must exist: D:\JAVA\thelibrary\src\test\java\resources\features" type="java.lang.IllegalArgumentException">java.lang.IllegalArgumentException: path must exist: D:\JAVA\thelibrary\src\test\java\resources\features
</error>
  </testcase>
</testsuite>