<?xml version="1.0" encoding="UTF-8" ?>
<testsuite tests="4" failures="0" name="librarysystem.BookTest" time="0.001" errors="0" skipped="0">
  <properties>
[...]
</properties>
  <testcase classname="librarysystem.BookTest" name="librarysystem.BookTest.testGetBook" time="0.001"/>
  <testcase classname="librarysystem.BookTest" name="librarysystem.BookTest.testGetRefNumber" time="0"/>
  <testcase classname="librarysystem.BookTest" name="librarysystem.BookTest.testGetAndSet" time="0"/>
  <testcase classname="librarysystem.BookTest" name="librarysystem.BookTest.testGetAuthor" time="0"/>
</testsuite>